# JRE version: OpenJDK Runtime Environment (8.0_121-b13) (build 1.8.0_121-8u121-b13-0ubuntu1.16.04.2-b13)
# Java VM: OpenJDK 64-Bit Server VM (25.121-b13 mixed mode linux-amd64 compressed oops)
Heap:
 PSYoungGen      total 414208K, used 22502K [0x00000000d5580000, 0x00000000f0000000, 0x0000000100000000)
  eden space 391680K, 0% used [0x00000000d5580000,0x00000000d5580000,0x00000000ed400000)
  from space 22528K, 99% used [0x00000000eea00000,0x00000000efff9940,0x00000000f0000000)
  to   space 1024K, 0% used [0x00000000ed400000,0x00000000ed400000,0x00000000ed500000)
 ParOldGen       total 82944K, used 41268K [0x0000000080000000, 0x0000000085100000, 0x00000000d5580000)
  object space 82944K, 49% used [0x0000000080000000,0x000000008284d390,0x0000000085100000)
 Metaspace       used 75955K, capacity 78030K, committed 78208K, reserved 1118208K
  class space    used 9282K, capacity 9734K, committed 9856K, reserved 1048576K
GC Heap History (10 events):
Event: 61,735 GC heap after
Heap after GC invocations=23 (full 4):
 PSYoungGen      total 328192K, used 32K [0x00000000d5580000, 0x00000000f0200000, 0x0000000100000000)
  eden space 304640K, 0% used [0x00000000d5580000,0x00000000d5580000,0x00000000e7f00000)
  from space 23552K, 0% used [0x00000000e7f00000,0x00000000e7f08000,0x00000000e9600000)
  to   space 23552K, 0% used [0x00000000eeb00000,0x00000000eeb00000,0x00000000f0200000)
 ParOldGen       total 82944K, used 53900K [0x0000000080000000, 0x0000000085100000, 0x00000000d5580000)
  object space 82944K, 64% used [0x0000000080000000,0x00000000834a31d0,0x0000000085100000)
 Metaspace       used 62368K, capacity 64044K, committed 64256K, reserved 1105920K
  class space    used 8047K, capacity 8421K, committed 8448K, reserved 1048576K
}
Event: 63,425 GC heap before
{Heap before GC invocations=24 (full 4):
 PSYoungGen      total 328192K, used 235973K [0x00000000d5580000, 0x00000000f0200000, 0x0000000100000000)
  eden space 304640K, 77% used [0x00000000d5580000,0x00000000e3be97e0,0x00000000e7f00000)
  from space 23552K, 0% used [0x00000000e7f00000,0x00000000e7f08000,0x00000000e9600000)
  to   space 23552K, 0% used [0x00000000eeb00000,0x00000000eeb00000,0x00000000f0200000)
 ParOldGen       total 82944K, used 53900K [0x0000000080000000, 0x0000000085100000, 0x00000000d5580000)
  object space 82944K, 64% used [0x0000000080000000,0x00000000834a31d0,0x0000000085100000)
 Metaspace       used 63812K, capacity 65574K, committed 65792K, reserved 1105920K
  class space    used 8211K, capacity 8626K, committed 8704K, reserved 1048576K
Event: 63,463 GC heap after
Heap after GC invocations=24 (full 4):
 PSYoungGen      total 414208K, used 1400K [0x00000000d5580000, 0x00000000f0100000, 0x0000000100000000)
  eden space 391680K, 0% used [0x00000000d5580000,0x00000000d5580000,0x00000000ed400000)
  from space 22528K, 6% used [0x00000000eeb00000,0x00000000eec5e358,0x00000000f0100000)
  to   space 23040K, 0% used [0x00000000ed400000,0x00000000ed400000,0x00000000eea80000)
 ParOldGen       total 82944K, used 53932K [0x0000000080000000, 0x0000000085100000, 0x00000000d5580000)
  object space 82944K, 65% used [0x0000000080000000,0x00000000834ab1d0,0x0000000085100000)
 Metaspace       used 63812K, capacity 65574K, committed 65792K, reserved 1105920K
  class space    used 8211K, capacity 8626K, committed 8704K, reserved 1048576K
}
Event: 63,463 GC heap before
{Heap before GC invocations=25 (full 5):
 PSYoungGen      total 414208K, used 1400K [0x00000000d5580000, 0x00000000f0100000, 0x0000000100000000)
  eden space 391680K, 0% used [0x00000000d5580000,0x00000000d5580000,0x00000000ed400000)
  from space 22528K, 6% used [0x00000000eeb00000,0x00000000eec5e358,0x00000000f0100000)
  to   space 23040K, 0% used [0x00000000ed400000,0x00000000ed400000,0x00000000eea80000)
 ParOldGen       total 82944K, used 53932K [0x0000000080000000, 0x0000000085100000, 0x00000000d5580000)
  object space 82944K, 65% used [0x0000000080000000,0x00000000834ab1d0,0x0000000085100000)
 Metaspace       used 63812K, capacity 65574K, committed 65792K, reserved 1105920K
  class space    used 8211K, capacity 8626K, committed 8704K, reserved 1048576K
Event: 64,279 GC heap after
Heap after GC invocations=25 (full 5):
 PSYoungGen      total 414208K, used 0K [0x00000000d5580000, 0x00000000f0100000, 0x0000000100000000)
  eden space 391680K, 0% used [0x00000000d5580000,0x00000000d5580000,0x00000000ed400000)
  from space 22528K, 0% used [0x00000000eeb00000,0x00000000eeb00000,0x00000000f0100000)
  to   space 23040K, 0% used [0x00000000ed400000,0x00000000ed400000,0x00000000eea80000)
 ParOldGen       total 82944K, used 38340K [0x0000000080000000, 0x0000000085100000, 0x00000000d5580000)
  object space 82944K, 46% used [0x0000000080000000,0x0000000082571180,0x0000000085100000)
 Metaspace       used 63812K, capacity 65574K, committed 65792K, reserved 1105920K
  class space    used 8211K, capacity 8626K, committed 8704K, reserved 1048576K
}
Event: 430,517 GC heap before
{Heap before GC invocations=26 (full 5):
 PSYoungGen      total 414208K, used 102171K [0x00000000d5580000, 0x00000000f0100000, 0x0000000100000000)
  eden space 391680K, 26% used [0x00000000d5580000,0x00000000db946ef8,0x00000000ed400000)
  from space 22528K, 0% used [0x00000000eeb00000,0x00000000eeb00000,0x00000000f0100000)
  to   space 23040K, 0% used [0x00000000ed400000,0x00000000ed400000,0x00000000eea80000)
 ParOldGen       total 82944K, used 38340K [0x0000000080000000, 0x0000000085100000, 0x00000000d5580000)
  object space 82944K, 46% used [0x0000000080000000,0x0000000082571180,0x0000000085100000)
 Metaspace       used 64485K, capacity 66392K, committed 66560K, reserved 1107968K
  class space    used 8246K, capacity 8687K, committed 8704K, reserved 1048576K
Event: 430,527 GC heap after
Heap after GC invocations=26 (full 5):
 PSYoungGen      total 392704K, used 576K [0x00000000d5580000, 0x00000000f0000000, 0x0000000100000000)
  eden space 391680K, 0% used [0x00000000d5580000,0x00000000d5580000,0x00000000ed400000)
  from space 1024K, 56% used [0x00000000ed400000,0x00000000ed490030,0x00000000ed500000)
  to   space 22528K, 0% used [0x00000000eea00000,0x00000000eea00000,0x00000000f0000000)
 ParOldGen       total 82944K, used 38348K [0x0000000080000000, 0x0000000085100000, 0x00000000d5580000)
  object space 82944K, 46% used [0x0000000080000000,0x0000000082573180,0x0000000085100000)
 Metaspace       used 64485K, capacity 66392K, committed 66560K, reserved 1107968K
  class space    used 8246K, capacity 8687K, committed 8704K, reserved 1048576K
}
Event: 430,527 GC heap before
{Heap before GC invocations=27 (full 6):
 PSYoungGen      total 392704K, used 576K [0x00000000d5580000, 0x00000000f0000000, 0x0000000100000000)
  eden space 391680K, 0% used [0x00000000d5580000,0x00000000d5580000,0x00000000ed400000)
  from space 1024K, 56% used [0x00000000ed400000,0x00000000ed490030,0x00000000ed500000)
  to   space 22528K, 0% used [0x00000000eea00000,0x00000000eea00000,0x00000000f0000000)
 ParOldGen       total 82944K, used 38348K [0x0000000080000000, 0x0000000085100000, 0x00000000d5580000)
  object space 82944K, 46% used [0x0000000080000000,0x0000000082573180,0x0000000085100000)
 Metaspace       used 64485K, capacity 66392K, committed 66560K, reserved 1107968K
  class space    used 8246K, capacity 8687K, committed 8704K, reserved 1048576K
Event: 431,320 GC heap after
Heap after GC invocations=27 (full 6):
 PSYoungGen      total 392704K, used 0K [0x00000000d5580000, 0x00000000f0000000, 0x0000000100000000)
  eden space 391680K, 0% used [0x00000000d5580000,0x00000000d5580000,0x00000000ed400000)
  from space 1024K, 0% used [0x00000000ed400000,0x00000000ed400000,0x00000000ed500000)
  to   space 22528K, 0% used [0x00000000eea00000,0x00000000eea00000,0x00000000f0000000)
 ParOldGen       total 82944K, used 37604K [0x0000000080000000, 0x0000000085100000, 0x00000000d5580000)
  object space 82944K, 45% used [0x0000000080000000,0x00000000824b90a8,0x0000000085100000)
 Metaspace       used 64485K, capacity 66392K, committed 66560K, reserved 1107968K
  class space    used 8246K, capacity 8687K, committed 8704K, reserved 1048576K
}
Event: 1757,375 GC heap before
{Heap before GC invocations=28 (full 6):
 PSYoungGen      total 392704K, used 391680K [0x00000000d5580000, 0x00000000f0000000, 0x0000000100000000)
  eden space 391680K, 100% used [0x00000000d5580000,0x00000000ed400000,0x00000000ed400000)
  from space 1024K, 0% used [0x00000000ed400000,0x00000000ed400000,0x00000000ed500000)
  to   space 22528K, 0% used [0x00000000eea00000,0x00000000eea00000,0x00000000f0000000)
 ParOldGen       total 82944K, used 37604K [0x0000000080000000, 0x0000000085100000, 0x00000000d5580000)
  object space 82944K, 45% used [0x0000000080000000,0x00000000824b90a8,0x0000000085100000)
 Metaspace       used 75955K, capacity 78030K, committed 78208K, reserved 1118208K
  class space    used 9282K, capacity 9734K, committed 9856K, reserved 1048576K

